<?xml version="1.0" encoding="UTF-8"?>
<!-- Generated by org.testng.reporters.JUnitReportReporter -->
<testsuite skipped="0" hostname="IZDT-214" name="com.sc.modules.Marketing.pressRelease" tests="1" failures="0" timestamp="17 Oct 2019 11:36:24 GMT" time="48.179" errors="0">
  <testcase name="scLogin" time="48.179" classname="com.sc.modules.Marketing.pressRelease"/>
</testsuite> <!-- com.sc.modules.Marketing.pressRelease -->
